Created by PLY version 3.11 (http://www.dabeaz.com/ply)

Grammar

Rule 0     S' -> expression
Rule 1     expression -> VARIABLE
Rule 2     expression -> NOT expression
Rule 3     expression -> expression AND expression
Rule 4     expression -> expression OR expression
Rule 5     expression -> expression IMPLIES expression
Rule 6     expression -> expression IFF expression
Rule 7     expression -> LPAREN expression RPAREN
Rule 8     expression -> NOT LPAREN expression RPAREN

Terminals, with rules where they appear

AND                  : 3
IFF                  : 6
IMPLIES              : 5
LPAREN               : 7 8
NOT                  : 2 8
OR                   : 4
RPAREN               : 7 8
VARIABLE             : 1
error                : 

Nonterminals, with rules where they appear

expression           : 2 3 3 4 4 5 5 6 6 7 8 0

Parsing method: LALR

state 0

    (0) S' -> . expression
    (1) expression -> . VARIABLE
    (2) expression -> . NOT expression
    (3) expression -> . expression AND expression
    (4) expression -> . expression OR expression
    (5) expression -> . expression IMPLIES expression
    (6) expression -> . expression IFF expression
    (7) expression -> . LPAREN expression RPAREN
    (8) expression -> . NOT LPAREN expression RPAREN

    VARIABLE        shift and go to state 2
    NOT             shift and go to state 3
    LPAREN          shift and go to state 4

    expression                     shift and go to state 1

state 1

    (0) S' -> expression .
    (3) expression -> expression . AND expression
    (4) expression -> expression . OR expression
    (5) expression -> expression . IMPLIES expression
    (6) expression -> expression . IFF expression

    AND             shift and go to state 5
    OR              shift and go to state 6
    IMPLIES         shift and go to state 7
    IFF             shift and go to state 8


state 2

    (1) expression -> VARIABLE .

    AND             reduce using rule 1 (expression -> VARIABLE .)
    OR              reduce using rule 1 (expression -> VARIABLE .)
    IMPLIES         reduce using rule 1 (expression -> VARIABLE .)
    IFF             reduce using rule 1 (expression -> VARIABLE .)
    $end            reduce using rule 1 (expression -> VARIABLE .)
    RPAREN          reduce using rule 1 (expression -> VARIABLE .)


state 3

    (2) expression -> NOT . expression
    (8) expression -> NOT . LPAREN expression RPAREN
    (1) expression -> . VARIABLE
    (2) expression -> . NOT expression
    (3) expression -> . expression AND expression
    (4) expression -> . expression OR expression
    (5) expression -> . expression IMPLIES expression
    (6) expression -> . expression IFF expression
    (7) expression -> . LPAREN expression RPAREN
    (8) expression -> . NOT LPAREN expression RPAREN

    LPAREN          shift and go to state 10
    VARIABLE        shift and go to state 2
    NOT             shift and go to state 3

    expression                     shift and go to state 9

state 4

    (7) expression -> LPAREN . expression RPAREN
    (1) expression -> . VARIABLE
    (2) expression -> . NOT expression
    (3) expression -> . expression AND expression
    (4) expression -> . expression OR expression
    (5) expression -> . expression IMPLIES expression
    (6) expression -> . expression IFF expression
    (7) expression -> . LPAREN expression RPAREN
    (8) expression -> . NOT LPAREN expression RPAREN

    VARIABLE        shift and go to state 2
    NOT             shift and go to state 3
    LPAREN          shift and go to state 4

    expression                     shift and go to state 11

state 5

    (3) expression -> expression AND . expression
    (1) expression -> . VARIABLE
    (2) expression -> . NOT expression
    (3) expression -> . expression AND expression
    (4) expression -> . expression OR expression
    (5) expression -> . expression IMPLIES expression
    (6) expression -> . expression IFF expression
    (7) expression -> . LPAREN expression RPAREN
    (8) expression -> . NOT LPAREN expression RPAREN

    VARIABLE        shift and go to state 2
    NOT             shift and go to state 3
    LPAREN          shift and go to state 4

    expression                     shift and go to state 12

state 6

    (4) expression -> expression OR . expression
    (1) expression -> . VARIABLE
    (2) expression -> . NOT expression
    (3) expression -> . expression AND expression
    (4) expression -> . expression OR expression
    (5) expression -> . expression IMPLIES expression
    (6) expression -> . expression IFF expression
    (7) expression -> . LPAREN expression RPAREN
    (8) expression -> . NOT LPAREN expression RPAREN

    VARIABLE        shift and go to state 2
    NOT             shift and go to state 3
    LPAREN          shift and go to state 4

    expression                     shift and go to state 13

state 7

    (5) expression -> expression IMPLIES . expression
    (1) expression -> . VARIABLE
    (2) expression -> . NOT expression
    (3) expression -> . expression AND expression
    (4) expression -> . expression OR expression
    (5) expression -> . expression IMPLIES expression
    (6) expression -> . expression IFF expression
    (7) expression -> . LPAREN expression RPAREN
    (8) expression -> . NOT LPAREN expression RPAREN

    VARIABLE        shift and go to state 2
    NOT             shift and go to state 3
    LPAREN          shift and go to state 4

    expression                     shift and go to state 14

state 8

    (6) expression -> expression IFF . expression
    (1) expression -> . VARIABLE
    (2) expression -> . NOT expression
    (3) expression -> . expression AND expression
    (4) expression -> . expression OR expression
    (5) expression -> . expression IMPLIES expression
    (6) expression -> . expression IFF expression
    (7) expression -> . LPAREN expression RPAREN
    (8) expression -> . NOT LPAREN expression RPAREN

    VARIABLE        shift and go to state 2
    NOT             shift and go to state 3
    LPAREN          shift and go to state 4

    expression                     shift and go to state 15

state 9

    (2) expression -> NOT expression .
    (3) expression -> expression . AND expression
    (4) expression -> expression . OR expression
    (5) expression -> expression . IMPLIES expression
    (6) expression -> expression . IFF expression

    $end            reduce using rule 2 (expression -> NOT expression .)
    RPAREN          reduce using rule 2 (expression -> NOT expression .)
    AND             shift and go to state 5
    OR              shift and go to state 6
    IMPLIES         shift and go to state 7
    IFF             shift and go to state 8

  ! AND             [ reduce using rule 2 (expression -> NOT expression .) ]
  ! OR              [ reduce using rule 2 (expression -> NOT expression .) ]
  ! IMPLIES         [ reduce using rule 2 (expression -> NOT expression .) ]
  ! IFF             [ reduce using rule 2 (expression -> NOT expression .) ]


state 10

    (8) expression -> NOT LPAREN . expression RPAREN
    (7) expression -> LPAREN . expression RPAREN
    (1) expression -> . VARIABLE
    (2) expression -> . NOT expression
    (3) expression -> . expression AND expression
    (4) expression -> . expression OR expression
    (5) expression -> . expression IMPLIES expression
    (6) expression -> . expression IFF expression
    (7) expression -> . LPAREN expression RPAREN
    (8) expression -> . NOT LPAREN expression RPAREN

    VARIABLE        shift and go to state 2
    NOT             shift and go to state 3
    LPAREN          shift and go to state 4

    expression                     shift and go to state 16

state 11

    (7) expression -> LPAREN expression . RPAREN
    (3) expression -> expression . AND expression
    (4) expression -> expression . OR expression
    (5) expression -> expression . IMPLIES expression
    (6) expression -> expression . IFF expression

    RPAREN          shift and go to state 17
    AND             shift and go to state 5
    OR              shift and go to state 6
    IMPLIES         shift and go to state 7
    IFF             shift and go to state 8


state 12

    (3) expression -> expression AND expression .
    (3) expression -> expression . AND expression
    (4) expression -> expression . OR expression
    (5) expression -> expression . IMPLIES expression
    (6) expression -> expression . IFF expression

    AND             reduce using rule 3 (expression -> expression AND expression .)
    OR              reduce using rule 3 (expression -> expression AND expression .)
    IMPLIES         reduce using rule 3 (expression -> expression AND expression .)
    IFF             reduce using rule 3 (expression -> expression AND expression .)
    $end            reduce using rule 3 (expression -> expression AND expression .)
    RPAREN          reduce using rule 3 (expression -> expression AND expression .)

  ! AND             [ shift and go to state 5 ]
  ! OR              [ shift and go to state 6 ]
  ! IMPLIES         [ shift and go to state 7 ]
  ! IFF             [ shift and go to state 8 ]


state 13

    (4) expression -> expression OR expression .
    (3) expression -> expression . AND expression
    (4) expression -> expression . OR expression
    (5) expression -> expression . IMPLIES expression
    (6) expression -> expression . IFF expression

    AND             reduce using rule 4 (expression -> expression OR expression .)
    OR              reduce using rule 4 (expression -> expression OR expression .)
    IMPLIES         reduce using rule 4 (expression -> expression OR expression .)
    IFF             reduce using rule 4 (expression -> expression OR expression .)
    $end            reduce using rule 4 (expression -> expression OR expression .)
    RPAREN          reduce using rule 4 (expression -> expression OR expression .)

  ! AND             [ shift and go to state 5 ]
  ! OR              [ shift and go to state 6 ]
  ! IMPLIES         [ shift and go to state 7 ]
  ! IFF             [ shift and go to state 8 ]


state 14

    (5) expression -> expression IMPLIES expression .
    (3) expression -> expression . AND expression
    (4) expression -> expression . OR expression
    (5) expression -> expression . IMPLIES expression
    (6) expression -> expression . IFF expression

    IMPLIES         reduce using rule 5 (expression -> expression IMPLIES expression .)
    IFF             reduce using rule 5 (expression -> expression IMPLIES expression .)
    $end            reduce using rule 5 (expression -> expression IMPLIES expression .)
    RPAREN          reduce using rule 5 (expression -> expression IMPLIES expression .)
    AND             shift and go to state 5
    OR              shift and go to state 6

  ! AND             [ reduce using rule 5 (expression -> expression IMPLIES expression .) ]
  ! OR              [ reduce using rule 5 (expression -> expression IMPLIES expression .) ]
  ! IMPLIES         [ shift and go to state 7 ]
  ! IFF             [ shift and go to state 8 ]


state 15

    (6) expression -> expression IFF expression .
    (3) expression -> expression . AND expression
    (4) expression -> expression . OR expression
    (5) expression -> expression . IMPLIES expression
    (6) expression -> expression . IFF expression

    IMPLIES         reduce using rule 6 (expression -> expression IFF expression .)
    IFF             reduce using rule 6 (expression -> expression IFF expression .)
    $end            reduce using rule 6 (expression -> expression IFF expression .)
    RPAREN          reduce using rule 6 (expression -> expression IFF expression .)
    AND             shift and go to state 5
    OR              shift and go to state 6

  ! AND             [ reduce using rule 6 (expression -> expression IFF expression .) ]
  ! OR              [ reduce using rule 6 (expression -> expression IFF expression .) ]
  ! IMPLIES         [ shift and go to state 7 ]
  ! IFF             [ shift and go to state 8 ]


state 16

    (8) expression -> NOT LPAREN expression . RPAREN
    (7) expression -> LPAREN expression . RPAREN
    (3) expression -> expression . AND expression
    (4) expression -> expression . OR expression
    (5) expression -> expression . IMPLIES expression
    (6) expression -> expression . IFF expression

    RPAREN          shift and go to state 18
    AND             shift and go to state 5
    OR              shift and go to state 6
    IMPLIES         shift and go to state 7
    IFF             shift and go to state 8


state 17

    (7) expression -> LPAREN expression RPAREN .

    AND             reduce using rule 7 (expression -> LPAREN expression RPAREN .)
    OR              reduce using rule 7 (expression -> LPAREN expression RPAREN .)
    IMPLIES         reduce using rule 7 (expression -> LPAREN expression RPAREN .)
    IFF             reduce using rule 7 (expression -> LPAREN expression RPAREN .)
    $end            reduce using rule 7 (expression -> LPAREN expression RPAREN .)
    RPAREN          reduce using rule 7 (expression -> LPAREN expression RPAREN .)


state 18

    (8) expression -> NOT LPAREN expression RPAREN .
    (7) expression -> LPAREN expression RPAREN .

  ! reduce/reduce conflict for AND resolved using rule 7 (expression -> LPAREN expression RPAREN .)
  ! reduce/reduce conflict for OR resolved using rule 7 (expression -> LPAREN expression RPAREN .)
  ! reduce/reduce conflict for IMPLIES resolved using rule 7 (expression -> LPAREN expression RPAREN .)
  ! reduce/reduce conflict for IFF resolved using rule 7 (expression -> LPAREN expression RPAREN .)
  ! reduce/reduce conflict for $end resolved using rule 7 (expression -> LPAREN expression RPAREN .)
  ! reduce/reduce conflict for RPAREN resolved using rule 7 (expression -> LPAREN expression RPAREN .)
    AND             reduce using rule 7 (expression -> LPAREN expression RPAREN .)
    OR              reduce using rule 7 (expression -> LPAREN expression RPAREN .)
    IMPLIES         reduce using rule 7 (expression -> LPAREN expression RPAREN .)
    IFF             reduce using rule 7 (expression -> LPAREN expression RPAREN .)
    $end            reduce using rule 7 (expression -> LPAREN expression RPAREN .)
    RPAREN          reduce using rule 7 (expression -> LPAREN expression RPAREN .)

  ! AND             [ reduce using rule 8 (expression -> NOT LPAREN expression RPAREN .) ]
  ! OR              [ reduce using rule 8 (expression -> NOT LPAREN expression RPAREN .) ]
  ! IMPLIES         [ reduce using rule 8 (expression -> NOT LPAREN expression RPAREN .) ]
  ! IFF             [ reduce using rule 8 (expression -> NOT LPAREN expression RPAREN .) ]
  ! $end            [ reduce using rule 8 (expression -> NOT LPAREN expression RPAREN .) ]
  ! RPAREN          [ reduce using rule 8 (expression -> NOT LPAREN expression RPAREN .) ]

WARNING: 
WARNING: Conflicts:
WARNING: 
WARNING: reduce/reduce conflict in state 18 resolved using rule (expression -> LPAREN expression RPAREN)
WARNING: rejected rule (expression -> NOT LPAREN expression RPAREN) in state 18
WARNING: Rule (expression -> NOT LPAREN expression RPAREN) is never reduced
